The system is: Darwin - 17.5.0 - x86_64
Compiling the C compiler identification source file "CMakeCCompilerId.c" succeeded.
Compiler: /usr/local/Cellar/gcc/7.3.0_1/bin/gcc-7 
Build flags: 
Id flags:  

The output was:
0


Compilation of the C compiler identification source "CMakeCCompilerId.c" produced "a.out"

The C compiler identification is GNU, found in "/Users/Ouser/CLionProjects/ha-0/cmake-build-debug/CMakeFiles/3.9.6/CompilerIdC/a.out"

Determining if the C compiler works passed with the following output:
Change Dir: /Users/Ouser/CLionProjects/ha-0/cmake-build-debug/CMakeFiles/CMakeTmp

Run Build Command:"/usr/bin/make" "cmTC_d69bc/fast"
/Applications/Xcode.app/Contents/Developer/usr/bin/make -f CMakeFiles/cmTC_d69bc.dir/build.make CMakeFiles/cmTC_d69bc.dir/build
Building C object CMakeFiles/cmTC_d69bc.dir/testCCompiler.c.o
/usr/local/Cellar/gcc/7.3.0_1/bin/gcc-7   -isysroot /Applications/Xcode.app/Contents/Developer/Platforms/MacOSX.platform/Developer/SDKs/MacOSX10.13.sdk   -o CMakeFiles/cmTC_d69bc.dir/testCCompiler.c.o   -c /Users/Ouser/CLionProjects/ha-0/cmake-build-debug/CMakeFiles/CMakeTmp/testCCompiler.c
Linking C executable cmTC_d69bc
/Applications/CLion.app/Contents/bin/cmake/bin/cmake -E cmake_link_script CMakeFiles/cmTC_d69bc.dir/link.txt --verbose=1
/usr/local/Cellar/gcc/7.3.0_1/bin/gcc-7   -isysroot /Applications/Xcode.app/Contents/Developer/Platforms/MacOSX.platform/Developer/SDKs/MacOSX10.13.sdk -Wl,-search_paths_first -Wl,-headerpad_max_install_names   CMakeFiles/cmTC_d69bc.dir/testCCompiler.c.o  -o cmTC_d69bc 


Detecting C compiler ABI info compiled with the following output:
Change Dir: /Users/Ouser/CLionProjects/ha-0/cmake-build-debug/CMakeFiles/CMakeTmp

Run Build Command:"/usr/bin/make" "cmTC_756c4/fast"
/Applications/Xcode.app/Contents/Developer/usr/bin/make -f CMakeFiles/cmTC_756c4.dir/build.make CMakeFiles/cmTC_756c4.dir/build
Building C object CMakeFiles/cmTC_756c4.dir/CMakeCCompilerABI.c.o
/usr/local/Cellar/gcc/7.3.0_1/bin/gcc-7   -isysroot /Applications/Xcode.app/Contents/Developer/Platforms/MacOSX.platform/Developer/SDKs/MacOSX10.13.sdk   -o CMakeFiles/cmTC_756c4.dir/CMakeCCompilerABI.c.o   -c /Applications/CLion.app/Contents/bin/cmake/share/cmake-3.9/Modules/CMakeCCompilerABI.c
Linking C executable cmTC_756c4
/Applications/CLion.app/Contents/bin/cmake/bin/cmake -E cmake_link_script CMakeFiles/cmTC_756c4.dir/link.txt --verbose=1
/usr/local/Cellar/gcc/7.3.0_1/bin/gcc-7   -isysroot /Applications/Xcode.app/Contents/Developer/Platforms/MacOSX.platform/Developer/SDKs/MacOSX10.13.sdk -Wl,-search_paths_first -Wl,-headerpad_max_install_names  -v -Wl,-v CMakeFiles/cmTC_756c4.dir/CMakeCCompilerABI.c.o  -o cmTC_756c4 
Using built-in specs.
COLLECT_GCC=/usr/local/Cellar/gcc/7.3.0_1/bin/gcc-7
COLLECT_LTO_WRAPPER=/usr/local/Cellar/gcc/7.3.0_1/libexec/gcc/x86_64-apple-darwin17.4.0/7.3.0/lto-wrapper
Target: x86_64-apple-darwin17.4.0
Configured with: ../configure --build=x86_64-apple-darwin17.4.0 --prefix=/usr/local/Cellar/gcc/7.3.0_1 --libdir=/usr/local/Cellar/gcc/7.3.0_1/lib/gcc/7 --enable-languages=c,c++,objc,obj-c++,fortran --program-suffix=-7 --with-gmp=/usr/local/opt/gmp --with-mpfr=/usr/local/opt/mpfr --with-mpc=/usr/local/opt/libmpc --with-isl=/usr/local/opt/isl --with-system-zlib --enable-checking=release --with-pkgversion='Homebrew GCC 7.3.0_1' --with-bugurl=https://github.com/Homebrew/homebrew-core/issues --disable-nls --with-native-system-header-dir=/usr/include --with-sysroot=/Applications/Xcode.app/Contents/Developer/Platforms/MacOSX.platform/Developer/SDKs/MacOSX10.13.sdk
Thread model: posix
gcc version 7.3.0 (Homebrew GCC 7.3.0_1) 
COMPILER_PATH=/usr/local/Cellar/gcc/7.3.0_1/libexec/gcc/x86_64-apple-darwin17.4.0/7.3.0/:/usr/local/Cellar/gcc/7.3.0_1/libexec/gcc/x86_64-apple-darwin17.4.0/7.3.0/:/usr/local/Cellar/gcc/7.3.0_1/libexec/gcc/x86_64-apple-darwin17.4.0/:/usr/local/Cellar/gcc/7.3.0_1/lib/gcc/7/gcc/x86_64-apple-darwin17.4.0/7.3.0/:/usr/local/Cellar/gcc/7.3.0_1/lib/gcc/7/gcc/x86_64-apple-darwin17.4.0/
LIBRARY_PATH=/usr/local/Cellar/gcc/7.3.0_1/lib/gcc/7/gcc/x86_64-apple-darwin17.4.0/7.3.0/:/usr/local/Cellar/gcc/7.3.0_1/lib/gcc/7/gcc/x86_64-apple-darwin17.4.0/7.3.0/../../../
COLLECT_GCC_OPTIONS='-isysroot' '/Applications/Xcode.app/Contents/Developer/Platforms/MacOSX.platform/Developer/SDKs/MacOSX10.13.sdk' '-v' '-o' 'cmTC_756c4' '-mmacosx-version-min=10.13.5' '-asm_macosx_version_min=10.13' '-mtune=core2'
 /usr/local/Cellar/gcc/7.3.0_1/libexec/gcc/x86_64-apple-darwin17.4.0/7.3.0/collect2 -dynamic -arch x86_64 -macosx_version_min 10.13.5 -syslibroot /Applications/Xcode.app/Contents/Developer/Platforms/MacOSX.platform/Developer/SDKs/MacOSX10.13.sdk -weak_reference_mismatches non-weak -o cmTC_756c4 -L/usr/local/Cellar/gcc/7.3.0_1/lib/gcc/7/gcc/x86_64-apple-darwin17.4.0/7.3.0 -L/usr/local/Cellar/gcc/7.3.0_1/lib/gcc/7/gcc/x86_64-apple-darwin17.4.0/7.3.0/../../.. -search_paths_first -headerpad_max_install_names -v CMakeFiles/cmTC_756c4.dir/CMakeCCompilerABI.c.o -no_compact_unwind -lSystem -lgcc_ext.10.5 -lgcc -lSystem -v
collect2 version 7.3.0
/usr/bin/ld -dynamic -arch x86_64 -macosx_version_min 10.13.5 -syslibroot /Applications/Xcode.app/Contents/Developer/Platforms/MacOSX.platform/Developer/SDKs/MacOSX10.13.sdk -weak_reference_mismatches non-weak -o cmTC_756c4 -L/usr/local/Cellar/gcc/7.3.0_1/lib/gcc/7/gcc/x86_64-apple-darwin17.4.0/7.3.0 -L/usr/local/Cellar/gcc/7.3.0_1/lib/gcc/7/gcc/x86_64-apple-darwin17.4.0/7.3.0/../../.. -search_paths_first -headerpad_max_install_names -v CMakeFiles/cmTC_756c4.dir/CMakeCCompilerABI.c.o -no_compact_unwind -lSystem -lgcc_ext.10.5 -lgcc -lSystem -v
@(#)PROGRAM:ld  PROJECT:ld64-351.8
configured to support archs: armv6 armv7 armv7s arm64 i386 x86_64 x86_64h armv6m armv7k armv7m armv7em (tvOS)
@(#)PROGRAM:ld  PROJECT:ld64-351.8
configured to support archs: armv6 armv7 armv7s arm64 i386 x86_64 x86_64h armv6m armv7k armv7m armv7em (tvOS)
Library search paths:
	/usr/local/Cellar/gcc/7.3.0_1/lib/gcc/7/gcc/x86_64-apple-darwin17.4.0/7.3.0
	/usr/local/Cellar/gcc/7.3.0_1/lib/gcc/7
	/Applications/Xcode.app/Contents/Developer/Platforms/MacOSX.platform/Developer/SDKs/MacOSX10.13.sdk/usr/lib
Framework search paths:
	/Applications/Xcode.app/Contents/Developer/Platforms/MacOSX.platform/Developer/SDKs/MacOSX10.13.sdk/System/Library/Frameworks/
 /usr/bin/nm -n CMakeFiles/cmTC_756c4.dir/CMakeCCompilerABI.c.o


Parsed C implicit link information from above output:
  link line regex: [^( *|.*[/\])(ld|CMAKE_LINK_STARTFILE-NOTFOUND|([^/\]+-)?ld|collect2)[^/\]*( |$)]
  ignore line: [Change Dir: /Users/Ouser/CLionProjects/ha-0/cmake-build-debug/CMakeFiles/CMakeTmp]
  ignore line: []
  ignore line: [Run Build Command:"/usr/bin/make" "cmTC_756c4/fast"]
  ignore line: [/Applications/Xcode.app/Contents/Developer/usr/bin/make -f CMakeFiles/cmTC_756c4.dir/build.make CMakeFiles/cmTC_756c4.dir/build]
  ignore line: [Building C object CMakeFiles/cmTC_756c4.dir/CMakeCCompilerABI.c.o]
  ignore line: [/usr/local/Cellar/gcc/7.3.0_1/bin/gcc-7   -isysroot /Applications/Xcode.app/Contents/Developer/Platforms/MacOSX.platform/Developer/SDKs/MacOSX10.13.sdk   -o CMakeFiles/cmTC_756c4.dir/CMakeCCompilerABI.c.o   -c /Applications/CLion.app/Contents/bin/cmake/share/cmake-3.9/Modules/CMakeCCompilerABI.c]
  ignore line: [Linking C executable cmTC_756c4]
  ignore line: [/Applications/CLion.app/Contents/bin/cmake/bin/cmake -E cmake_link_script CMakeFiles/cmTC_756c4.dir/link.txt --verbose=1]
  ignore line: [/usr/local/Cellar/gcc/7.3.0_1/bin/gcc-7   -isysroot /Applications/Xcode.app/Contents/Developer/Platforms/MacOSX.platform/Developer/SDKs/MacOSX10.13.sdk -Wl,-search_paths_first -Wl,-headerpad_max_install_names  -v -Wl,-v CMakeFiles/cmTC_756c4.dir/CMakeCCompilerABI.c.o  -o cmTC_756c4 ]
  ignore line: [Using built-in specs.]
  ignore line: [COLLECT_GCC=/usr/local/Cellar/gcc/7.3.0_1/bin/gcc-7]
  ignore line: [COLLECT_LTO_WRAPPER=/usr/local/Cellar/gcc/7.3.0_1/libexec/gcc/x86_64-apple-darwin17.4.0/7.3.0/lto-wrapper]
  ignore line: [Target: x86_64-apple-darwin17.4.0]
  ignore line: [Configured with: ../configure --build=x86_64-apple-darwin17.4.0 --prefix=/usr/local/Cellar/gcc/7.3.0_1 --libdir=/usr/local/Cellar/gcc/7.3.0_1/lib/gcc/7 --enable-languages=c,c++,objc,obj-c++,fortran --program-suffix=-7 --with-gmp=/usr/local/opt/gmp --with-mpfr=/usr/local/opt/mpfr --with-mpc=/usr/local/opt/libmpc --with-isl=/usr/local/opt/isl --with-system-zlib --enable-checking=release --with-pkgversion='Homebrew GCC 7.3.0_1' --with-bugurl=https://github.com/Homebrew/homebrew-core/issues --disable-nls --with-native-system-header-dir=/usr/include --with-sysroot=/Applications/Xcode.app/Contents/Developer/Platforms/MacOSX.platform/Developer/SDKs/MacOSX10.13.sdk]
  ignore line: [Thread model: posix]
  ignore line: [gcc version 7.3.0 (Homebrew GCC 7.3.0_1) ]
  ignore line: [COMPILER_PATH=/usr/local/Cellar/gcc/7.3.0_1/libexec/gcc/x86_64-apple-darwin17.4.0/7.3.0/:/usr/local/Cellar/gcc/7.3.0_1/libexec/gcc/x86_64-apple-darwin17.4.0/7.3.0/:/usr/local/Cellar/gcc/7.3.0_1/libexec/gcc/x86_64-apple-darwin17.4.0/:/usr/local/Cellar/gcc/7.3.0_1/lib/gcc/7/gcc/x86_64-apple-darwin17.4.0/7.3.0/:/usr/local/Cellar/gcc/7.3.0_1/lib/gcc/7/gcc/x86_64-apple-darwin17.4.0/]
  ignore line: [LIBRARY_PATH=/usr/local/Cellar/gcc/7.3.0_1/lib/gcc/7/gcc/x86_64-apple-darwin17.4.0/7.3.0/:/usr/local/Cellar/gcc/7.3.0_1/lib/gcc/7/gcc/x86_64-apple-darwin17.4.0/7.3.0/../../../]
  ignore line: [COLLECT_GCC_OPTIONS='-isysroot' '/Applications/Xcode.app/Contents/Developer/Platforms/MacOSX.platform/Developer/SDKs/MacOSX10.13.sdk' '-v' '-o' 'cmTC_756c4' '-mmacosx-version-min=10.13.5' '-asm_macosx_version_min=10.13' '-mtune=core2']
  link line: [ /usr/local/Cellar/gcc/7.3.0_1/libexec/gcc/x86_64-apple-darwin17.4.0/7.3.0/collect2 -dynamic -arch x86_64 -macosx_version_min 10.13.5 -syslibroot /Applications/Xcode.app/Contents/Developer/Platforms/MacOSX.platform/Developer/SDKs/MacOSX10.13.sdk -weak_reference_mismatches non-weak -o cmTC_756c4 -L/usr/local/Cellar/gcc/7.3.0_1/lib/gcc/7/gcc/x86_64-apple-darwin17.4.0/7.3.0 -L/usr/local/Cellar/gcc/7.3.0_1/lib/gcc/7/gcc/x86_64-apple-darwin17.4.0/7.3.0/../../.. -search_paths_first -headerpad_max_install_names -v CMakeFiles/cmTC_756c4.dir/CMakeCCompilerABI.c.o -no_compact_unwind -lSystem -lgcc_ext.10.5 -lgcc -lSystem -v]
    arg [/usr/local/Cellar/gcc/7.3.0_1/libexec/gcc/x86_64-apple-darwin17.4.0/7.3.0/collect2] ==> ignore
    arg [-dynamic] ==> ignore
    arg [-arch] ==> ignore
    arg [x86_64] ==> ignore
    arg [-macosx_version_min] ==> ignore
    arg [10.13.5] ==> ignore
    arg [-syslibroot] ==> ignore
    arg [/Applications/Xcode.app/Contents/Developer/Platforms/MacOSX.platform/Developer/SDKs/MacOSX10.13.sdk] ==> ignore
    arg [-weak_reference_mismatches] ==> ignore
    arg [non-weak] ==> ignore
    arg [-o] ==> ignore
    arg [cmTC_756c4] ==> ignore
    arg [-L/usr/local/Cellar/gcc/7.3.0_1/lib/gcc/7/gcc/x86_64-apple-darwin17.4.0/7.3.0] ==> dir [/usr/local/Cellar/gcc/7.3.0_1/lib/gcc/7/gcc/x86_64-apple-darwin17.4.0/7.3.0]
    arg [-L/usr/local/Cellar/gcc/7.3.0_1/lib/gcc/7/gcc/x86_64-apple-darwin17.4.0/7.3.0/../../..] ==> dir [/usr/local/Cellar/gcc/7.3.0_1/lib/gcc/7/gcc/x86_64-apple-darwin17.4.0/7.3.0/../../..]
    arg [-search_paths_first] ==> ignore
    arg [-headerpad_max_install_names] ==> ignore
    arg [-v] ==> ignore
    arg [CMakeFiles/cmTC_756c4.dir/CMakeCCompilerABI.c.o] ==> ignore
    arg [-no_compact_unwind] ==> ignore
    arg [-lSystem] ==> lib [System]
    arg [-lgcc_ext.10.5] ==> lib [gcc_ext.10.5]
    arg [-lgcc] ==> lib [gcc]
    arg [-lSystem] ==> lib [System]
    arg [-v] ==> ignore
  Library search paths: [;/usr/local/Cellar/gcc/7.3.0_1/lib/gcc/7/gcc/x86_64-apple-darwin17.4.0/7.3.0;/usr/local/Cellar/gcc/7.3.0_1/lib/gcc/7;/Applications/Xcode.app/Contents/Developer/Platforms/MacOSX.platform/Developer/SDKs/MacOSX10.13.sdk/usr/lib]
  Framework search paths: [;/Applications/Xcode.app/Contents/Developer/Platforms/MacOSX.platform/Developer/SDKs/MacOSX10.13.sdk/System/Library/Frameworks/]
  remove lib [System]
  remove lib [System]
  collapse library dir [/usr/local/Cellar/gcc/7.3.0_1/lib/gcc/7/gcc/x86_64-apple-darwin17.4.0/7.3.0] ==> [/usr/local/Cellar/gcc/7.3.0_1/lib/gcc/7/gcc/x86_64-apple-darwin17.4.0/7.3.0]
  collapse library dir [/usr/local/Cellar/gcc/7.3.0_1/lib/gcc/7/gcc/x86_64-apple-darwin17.4.0/7.3.0/../../..] ==> [/usr/local/Cellar/gcc/7.3.0_1/lib/gcc/7]
  collapse library dir [/usr/local/Cellar/gcc/7.3.0_1/lib/gcc/7/gcc/x86_64-apple-darwin17.4.0/7.3.0] ==> [/usr/local/Cellar/gcc/7.3.0_1/lib/gcc/7/gcc/x86_64-apple-darwin17.4.0/7.3.0]
  collapse library dir [/usr/local/Cellar/gcc/7.3.0_1/lib/gcc/7] ==> [/usr/local/Cellar/gcc/7.3.0_1/lib/gcc/7]
  collapse library dir [/Applications/Xcode.app/Contents/Developer/Platforms/MacOSX.platform/Developer/SDKs/MacOSX10.13.sdk/usr/lib] ==> [/Applications/Xcode.app/Contents/Developer/Platforms/MacOSX.platform/Developer/SDKs/MacOSX10.13.sdk/usr/lib]
  collapse framework dir [/Applications/Xcode.app/Contents/Developer/Platforms/MacOSX.platform/Developer/SDKs/MacOSX10.13.sdk/System/Library/Frameworks/] ==> [/Applications/Xcode.app/Contents/Developer/Platforms/MacOSX.platform/Developer/SDKs/MacOSX10.13.sdk/System/Library/Frameworks]
  implicit libs: [gcc_ext.10.5;gcc]
  implicit dirs: [/usr/local/Cellar/gcc/7.3.0_1/lib/gcc/7/gcc/x86_64-apple-darwin17.4.0/7.3.0;/usr/local/Cellar/gcc/7.3.0_1/lib/gcc/7;/Applications/Xcode.app/Contents/Developer/Platforms/MacOSX.platform/Developer/SDKs/MacOSX10.13.sdk/usr/lib]
  implicit fwks: [/Applications/Xcode.app/Contents/Developer/Platforms/MacOSX.platform/Developer/SDKs/MacOSX10.13.sdk/System/Library/Frameworks]




Detecting C [-std=c11] compiler features compiled with the following output:
Change Dir: /Users/Ouser/CLionProjects/ha-0/cmake-build-debug/CMakeFiles/CMakeTmp

Run Build Command:"/usr/bin/make" "cmTC_fa49f/fast"
/Applications/Xcode.app/Contents/Developer/usr/bin/make -f CMakeFiles/cmTC_fa49f.dir/build.make CMakeFiles/cmTC_fa49f.dir/build
Building C object CMakeFiles/cmTC_fa49f.dir/feature_tests.c.o
/usr/local/Cellar/gcc/7.3.0_1/bin/gcc-7   -isysroot /Applications/Xcode.app/Contents/Developer/Platforms/MacOSX.platform/Developer/SDKs/MacOSX10.13.sdk   -std=c11 -o CMakeFiles/cmTC_fa49f.dir/feature_tests.c.o   -c /Users/Ouser/CLionProjects/ha-0/cmake-build-debug/CMakeFiles/feature_tests.c
Linking C executable cmTC_fa49f
/Applications/CLion.app/Contents/bin/cmake/bin/cmake -E cmake_link_script CMakeFiles/cmTC_fa49f.dir/link.txt --verbose=1
/usr/local/Cellar/gcc/7.3.0_1/bin/gcc-7   -isysroot /Applications/Xcode.app/Contents/Developer/Platforms/MacOSX.platform/Developer/SDKs/MacOSX10.13.sdk -Wl,-search_paths_first -Wl,-headerpad_max_install_names   CMakeFiles/cmTC_fa49f.dir/feature_tests.c.o  -o cmTC_fa49f 


    Feature record: C_FEATURE:1c_function_prototypes
    Feature record: C_FEATURE:1c_restrict
    Feature record: C_FEATURE:1c_static_assert
    Feature record: C_FEATURE:1c_variadic_macros


Detecting C [-std=c99] compiler features compiled with the following output:
Change Dir: /Users/Ouser/CLionProjects/ha-0/cmake-build-debug/CMakeFiles/CMakeTmp

Run Build Command:"/usr/bin/make" "cmTC_1278a/fast"
/Applications/Xcode.app/Contents/Developer/usr/bin/make -f CMakeFiles/cmTC_1278a.dir/build.make CMakeFiles/cmTC_1278a.dir/build
Building C object CMakeFiles/cmTC_1278a.dir/feature_tests.c.o
/usr/local/Cellar/gcc/7.3.0_1/bin/gcc-7   -isysroot /Applications/Xcode.app/Contents/Developer/Platforms/MacOSX.platform/Developer/SDKs/MacOSX10.13.sdk   -std=c99 -o CMakeFiles/cmTC_1278a.dir/feature_tests.c.o   -c /Users/Ouser/CLionProjects/ha-0/cmake-build-debug/CMakeFiles/feature_tests.c
Linking C executable cmTC_1278a
/Applications/CLion.app/Contents/bin/cmake/bin/cmake -E cmake_link_script CMakeFiles/cmTC_1278a.dir/link.txt --verbose=1
/usr/local/Cellar/gcc/7.3.0_1/bin/gcc-7   -isysroot /Applications/Xcode.app/Contents/Developer/Platforms/MacOSX.platform/Developer/SDKs/MacOSX10.13.sdk -Wl,-search_paths_first -Wl,-headerpad_max_install_names   CMakeFiles/cmTC_1278a.dir/feature_tests.c.o  -o cmTC_1278a 


    Feature record: C_FEATURE:1c_function_prototypes
    Feature record: C_FEATURE:1c_restrict
    Feature record: C_FEATURE:0c_static_assert
    Feature record: C_FEATURE:1c_variadic_macros


Detecting C [-std=c90] compiler features compiled with the following output:
Change Dir: /Users/Ouser/CLionProjects/ha-0/cmake-build-debug/CMakeFiles/CMakeTmp

Run Build Command:"/usr/bin/make" "cmTC_9f7d5/fast"
/Applications/Xcode.app/Contents/Developer/usr/bin/make -f CMakeFiles/cmTC_9f7d5.dir/build.make CMakeFiles/cmTC_9f7d5.dir/build
Building C object CMakeFiles/cmTC_9f7d5.dir/feature_tests.c.o
/usr/local/Cellar/gcc/7.3.0_1/bin/gcc-7   -isysroot /Applications/Xcode.app/Contents/Developer/Platforms/MacOSX.platform/Developer/SDKs/MacOSX10.13.sdk   -std=c90 -o CMakeFiles/cmTC_9f7d5.dir/feature_tests.c.o   -c /Users/Ouser/CLionProjects/ha-0/cmake-build-debug/CMakeFiles/feature_tests.c
Linking C executable cmTC_9f7d5
/Applications/CLion.app/Contents/bin/cmake/bin/cmake -E cmake_link_script CMakeFiles/cmTC_9f7d5.dir/link.txt --verbose=1
/usr/local/Cellar/gcc/7.3.0_1/bin/gcc-7   -isysroot /Applications/Xcode.app/Contents/Developer/Platforms/MacOSX.platform/Developer/SDKs/MacOSX10.13.sdk -Wl,-search_paths_first -Wl,-headerpad_max_install_names   CMakeFiles/cmTC_9f7d5.dir/feature_tests.c.o  -o cmTC_9f7d5 


    Feature record: C_FEATURE:1c_function_prototypes
    Feature record: C_FEATURE:0c_restrict
    Feature record: C_FEATURE:0c_static_assert
    Feature record: C_FEATURE:0c_variadic_macros
